<?xml version="1.0" encoding="UTF-8"?>
<doc>
  <s>
    <w t="wie">
      <xlit t="wie" isLatin1="1" isLatinExt="1"/>
      <lts>
        <a hi="vi" w="0"/>
      </lts>
      <eqpho>
        <a t="Wie"/>
        <a t="wie"/>
      </eqpho>
      <morph>
        <a hi="wie[_ADV]" w="0"/>
        <a hi="wie[_KON]" w="0"/>
        <a hi="wie[_KOKOM]" w="0"/>
        <a hi="wie[_KOUS]" w="0"/>
      </morph>
      <msafe safe="1"/>
    </w>
    <w t="oede">
      <xlit t="oede" isLatin1="1" isLatinExt="1"/>
      <lts>
        <a hi="?2de" w="0"/>
      </lts>
      <eqpho>
        <a t="Oede"/>
        <a t="Öde"/>
        <a t="öde"/>
      </eqpho>
      <msafe safe="0"/>
      <rewrite>
        <a hi="öde" w="1">
          <lts>
            <a hi="?2de" w="0"/>
          </lts>
          <morph>
            <a hi="öde[_ADJD]" w="0"/>
            <a hi="öde[_ADJA][pos][sg][nom]*[weak]" w="0"/>
            <a hi="öde[_ADJA][pos][sg][nom][fem][strong_mixed]" w="0"/>
            <a hi="öde[_ADJA][pos][sg][acc][fem]*" w="0"/>
            <a hi="öde[_ADJA][pos][sg][acc][neut][weak]" w="0"/>
            <a hi="öde[_ADJA][pos][pl][nom_acc]*[strong]" w="0"/>
            <a hi="öd~en[_VVFIN][first][sg][pres][ind]" w="0"/>
            <a hi="öd~en[_VVFIN][first][sg][pres][subjI]" w="0"/>
            <a hi="öd~en[_VVFIN][third][sg][pres][subjI]" w="0"/>
            <a hi="öd~en[_VVIMP][sg]" w="0"/>
          </morph>
        </a>
      </rewrite>
    </w>
    <w t="!">
      <xlit t="!" isLatin1="1" isLatinExt="1"/>
      <lts>
        <a hi="" w="0"/>
      </lts>
      <msafe safe="1"/>
    </w>
  </s>
</doc>
